[debug] [2026-02-04T07:34:14.162Z] ----------------------------------------------------------------------
[debug] [2026-02-04T07:34:14.166Z] Command:       C:\Program Files\nodejs\node.exe C:\Users\LENOVO\AppData\Roaming\npm\node_modules\firebase-tools\lib\bin\firebase.js init hosting
[debug] [2026-02-04T07:34:14.166Z] CLI Version:   15.5.1
[debug] [2026-02-04T07:34:14.166Z] Platform:      win32
[debug] [2026-02-04T07:34:14.166Z] Node Version:  v24.8.0
[debug] [2026-02-04T07:34:14.167Z] Time:          Wed Feb 04 2026 02:34:14 GMT-0500 (hora estándar de Perú)
[debug] [2026-02-04T07:34:14.167Z] ----------------------------------------------------------------------
[debug] 
[info] 
     ######## #### ########  ######## ########     ###     ######  ########
     ##        ##  ##     ## ##       ##     ##  ##   ##  ##       ##
     ######    ##  ########  ######   ########  #########  ######  ######
     ##        ##  ##    ##  ##       ##     ## ##     ##       ## ##
     ##       #### ##     ## ######## ########  ##     ##  ######  ########

You're about to initialize a Firebase project in this directory:

  C:\Users\LENOVO\Documents\WEB DE cotizaciones

Before we get started, keep in mind:

  * You are initializing within an existing Firebase project directory

[info] 
=== Project Setup
[info] 
[info] First, let's associate this project directory with a Firebase project.
[info] You can create multiple project aliases by running firebase use --add, 
[info] 
[debug] [2026-02-04T07:34:31.409Z] > command requires scopes: ["email","openid","https://www.googleapis.com/auth/cloudplatformprojects.readonly","https://www.googleapis.com/auth/firebase","https://www.googleapis.com/auth/cloud-platform"]
[debug] [2026-02-04T07:34:31.409Z] > authorizing via signed-in user (alexismost11@gmail.com)
[debug] [2026-02-04T07:34:31.410Z] Checked if tokens are valid: true, expires at: 1770193586135
[debug] [2026-02-04T07:34:31.410Z] Checked if tokens are valid: true, expires at: 1770193586135
[debug] [2026-02-04T07:34:31.412Z] >>> [apiv2][query] GET https://firebase.googleapis.com/v1beta1/projects/web-cot-aya [none]
[debug] [2026-02-04T07:34:32.382Z] <<< [apiv2][status] GET https://firebase.googleapis.com/v1beta1/projects/web-cot-aya 200
[debug] [2026-02-04T07:34:32.382Z] <<< [apiv2][body] GET https://firebase.googleapis.com/v1beta1/projects/web-cot-aya {"projectId":"web-cot-aya","projectNumber":"58467911514","displayName":"WEB COT AYA","name":"projects/web-cot-aya","resources":{"hostingSite":"web-cot-aya"},"state":"ACTIVE","etag":"1_7baad6dd-11a9-4217-a7f1-8e00f2fe4ab9"}
[info] i  Using project web-cot-aya (WEB COT AYA) . 
[info] 
=== Hosting Setup
[debug] [2026-02-04T07:34:32.475Z] Checked if tokens are valid: true, expires at: 1770193586135
[debug] [2026-02-04T07:34:32.475Z] Checked if tokens are valid: true, expires at: 1770193586135
[debug] [2026-02-04T07:34:32.475Z] >>> [apiv2][query] GET https://firebase.googleapis.com/v1beta1/projects/web-cot-aya [none]
[debug] [2026-02-04T07:34:32.880Z] <<< [apiv2][status] GET https://firebase.googleapis.com/v1beta1/projects/web-cot-aya 200
[debug] [2026-02-04T07:34:32.880Z] <<< [apiv2][body] GET https://firebase.googleapis.com/v1beta1/projects/web-cot-aya {"projectId":"web-cot-aya","projectNumber":"58467911514","displayName":"WEB COT AYA","name":"projects/web-cot-aya","resources":{"hostingSite":"web-cot-aya"},"state":"ACTIVE","etag":"1_7baad6dd-11a9-4217-a7f1-8e00f2fe4ab9"}
[info] 
[info] i  Didn't detect a .git folder. Assuming C:\Users\LENOVO\Documents\WEB DE cotizaciones is the project root. 
[info] i  Authorizing with GitHub to upload your service account to a GitHub repository's secrets store. 
[info] 
[info] Visit this URL on this device to log in:
[info] https://github.com/login/oauth/authorize?client_id=89cf50f02ac6aaed3484&state=820278987&redirect_uri=http%3A%2F%2Flocalhost%3A9005&scope=read%3Auser%20repo%20public_repo
[info] 
[info] Waiting for authentication...
